Guessing word,chad_id=-463144630,user="Динара Гилязева"(776625534),is_master=False,text="Походу я нашла",word=""
Guessing word,chad_id=-463144630,user="Динара Гилязева"(776625534),is_master=False,text="Тупую ошибку в логике",word=""
Got command /start,chat_id=-463144630,user_id
chat_id=-463144630, New master is "Динара Гилязева"(776625534)
Guessing word,chad_id=-463144630,user="Вульфрик 🐸"(249310034),is_master=False,text="123",word="выносить сор из избы"
Guessing word,chad_id=-463144630,user="Вульфрик 🐸"(249310034),is_master=False,text="Всё, слова не вижу",word="выносить сор из избы"
Guessing word,chad_id=-463144630,user="Алена"(979206065),is_master=False,text="Я вроде тоже",word="выносить сор из избы"
Guessing word,chad_id=-463144630,user="Алена"(979206065),is_master=False,text="И так, нам нужно просто подбирать или ты объяснишь?",word="выносить сор из избы"
Guessing word,chad_id=-463144630,user="Алена"(979206065),is_master=False,text="Это на время?",word="выносить сор из избы"
Guessing word,chad_id=-463144630,user="Динара Гилязева"(776625534),is_master=True,text="Вижу, что вы не видите)",word="выносить сор из избы"
Guessing word,chad_id=-463144630,user="Динара Гилязева"(776625534),is_master=True,text="Попробуйте /master написать",word="выносить сор из избы"
Got command /master,chat_id=-463144630,user="Алена"(979206065),timedelta=-13
chat_id=-463144630, New master is "Алена"(979206065)
Guessing word,chad_id=-463144630,user="Алена"(979206065),is_master=True,text="Оба",word="граффити"
Guessing word,chad_id=-463144630,user="Алена"(979206065),is_master=True,text="Работает",word="граффити"
Guessing word,chad_id=-463144630,user="Динара Гилязева"(776625534),is_master=False,text="Так должно быть)",word="граффити"
Guessing word,chad_id=-463144630,user="Вульфрик 🐸"(249310034),is_master=False,text="1",word="граффити"
Guessing word,chad_id=-463144630,user="Алена"(979206065),is_master=True,text="Вижу слово",word="граффити"
Guessing word,chad_id=-463144630,user="Динара Гилязева"(776625534),is_master=False,text="Ты ведущий",word="граффити"
Guessing word,chad_id=-463144630,user="Алена"(979206065),is_master=True,text="Объяснять?",word="граффити"
Guessing word,chad_id=-463144630,user="Динара Гилязева"(776625534),is_master=False,text="Давай",word="граффити"
Guessing word,chad_id=-463144630,user="Алена"(979206065),is_master=True,text="Вопрос",word="граффити"
Guessing word,chad_id=-463144630,user="Динара Гилязева"(776625534),is_master=False,text="Нельзя однокоренные, все такое",word="граффити"
Guessing word,chad_id=-463144630,user="Алена"(979206065),is_master=True,text="А есть наказание, если я скажу однокоренное?",word="граффити"
Guessing word,chad_id=-463144630,user="Динара Гилязева"(776625534),is_master=False,text="Неь",word="граффити"
Guessing word,chad_id=-463144630,user="Алена"(979206065),is_master=True,text="Так не интересно",word="граффити"
Guessing word,chad_id=-463144630,user="Алена"(979206065),is_master=True,text="Ну ладно",word="граффити"
Guessing word,chad_id=-463144630,user="Алена"(979206065),is_master=True,text="Это рисуют на стенах",word="граффити"
chat_id=-463144630, New master is "Динара Гилязева"(776625534)
Guessing word,chad_id=-463144630,user="Динара Гилязева"(776625534),is_master=True,text="Граффити",word="граффити"
Guessing word,chad_id=-463144630,user="Динара Гилязева"(776625534),is_master=True,text="Выражение",word="скатертью дорога"
Guessing word,chad_id=-463144630,user="Динара Гилязева"(776625534),is_master=True,text="Смысл "вали"",word="скатертью дорога"
Guessing word,chad_id=-463144630,user="Алена"(979206065),is_master=False,text="Дуй отсюда",word="скатертью дорога"
Guessing word,chad_id=-463144630,user="Динара Гилязева"(776625534),is_master=True,text="Объясняю по словам",word="скатертью дорога"
Guessing word,chad_id=-463144630,user="Вульфрик 🐸"(249310034),is_master=False,text="Я могу кучу вариантов придумать",word="скатертью дорога"
Guessing word,chad_id=-463144630,user="Алена"(979206065),is_master=False,text="Изыйди нечисть",word="скатертью дорога"
Guessing word,chad_id=-463144630,user="Динара Гилязева"(776625534),is_master=True,text="Первое - это стелят на стол",word="скатертью дорога"
chat_id=-463144630, New master is "Алена"(979206065)
Guessing word,chad_id=-463144630,user="Алена"(979206065),is_master=True,text="Скатертью дорога",word="скатертью дорога"
Guessing word,chad_id=-463144630,user="Динара Гилязева"(776625534),is_master=False,text="Молодец)",word="креветка"
Guessing word,chad_id=-463144630,user="Алена"(979206065),is_master=True,text="Это морское, маленькое и вкусное",word="креветка"
Guessing word,chad_id=-463144630,user="Вульфрик 🐸"(249310034),is_master=False,text="Осьминог",word="креветка"
Guessing word,chad_id=-463144630,user="Алена"(979206065),is_master=True,text="Оранжевенькое",word="креветка"
Guessing word,chad_id=-463144630,user="Алена"(979206065),is_master=True,text="Я ещё хотела когда-то это связать",word="креветка"
Guessing word,chad_id=-463144630,user="Динара Гилязева"(776625534),is_master=False,text="Соль?",word="креветка"
Guessing word,chad_id=-463144630,user="Вульфрик 🐸"(249310034),is_master=False,text="Моль",word="креветка"
Guessing word,chad_id=-463144630,user="Динара Гилязева"(776625534),is_master=False,text="Ахах",word="креветка"
Guessing word,chad_id=-463144630,user="Алена"(979206065),is_master=True,text="Морское!",word="креветка"
Guessing word,chad_id=-463144630,user="Алена"(979206065),is_master=True,text="Маленькое",word="креветка"
Guessing word,chad_id=-463144630,user="Вульфрик 🐸"(249310034),is_master=False,text="Лучше без edit, ибо бот их вроде как не видит",word="креветка"
Guessing word,chad_id=-463144630,user="Алена"(979206065),is_master=True,text="К пиву",word="креветка"
Guessing word,chad_id=-463144630,user="Алена"(979206065),is_master=True,text="Без чего?",word="креветка"
Guessing word,chad_id=-463144630,user="Вульфрик 🐸"(249310034),is_master=False,text="Любое сообщение можно исправить",word="креветка"
Guessing word,chad_id=-463144630,user="Алена"(979206065),is_master=True,text="С усиками",word="креветка"
Guessing word,chad_id=-463144630,user="Вульфрик 🐸"(249310034),is_master=False,text="Эти исправление бот вроде как не видит",word="креветка"
Guessing word,chad_id=-463144630,user="Алена"(979206065),is_master=True,text="И что?",word="креветка"
Guessing word,chad_id=-463144630,user="Вульфрик 🐸"(249310034),is_master=False,text="Я думаю",word="креветка"
Guessing word,chad_id=-463144630,user="Вульфрик 🐸"(249310034),is_master=False,text="ахахах",word="креветка"
Guessing word,chad_id=-463144630,user="Алена"(979206065),is_master=True,text="Ну ребят, вы чего",word="креветка"
Guessing word,chad_id=-463144630,user="Динара Гилязева"(776625534),is_master=False,text="Сом",word="креветка"
Guessing word,chad_id=-463144630,user="Динара Гилязева"(776625534),is_master=False,text="Рыба",word="креветка"
Guessing word,chad_id=-463144630,user="Вульфрик 🐸"(249310034),is_master=False,text="Треска",word="креветка"
Guessing word,chad_id=-463144630,user="Динара Гилязева"(776625534),is_master=False,text="Кальмар",word="креветка"
Guessing word,chad_id=-463144630,user="Алена"(979206065),is_master=True,text="Маленькое!",word="креветка"
chat_id=-463144630, New master is "Динара Гилязева"(776625534)
Guessing word,chad_id=-463144630,user="Динара Гилязева"(776625534),is_master=True,text="Креветка",word="креветка"
Guessing word,chad_id=-463144630,user="Алена"(979206065),is_master=False,text="Не рыба!",word="енот-полоскун"
Guessing word,chad_id=-463144630,user="Динара Гилязева"(776625534),is_master=True,text="О",word="енот-полоскун"
Guessing word,chad_id=-463144630,user="Динара Гилязева"(776625534),is_master=True,text="Класс",word="енот-полоскун"
Guessing word,chad_id=-463144630,user="Алена"(979206065),is_master=False,text="Прикольно",word="енот-полоскун"
Guessing word,chad_id=-463144630,user="Динара Гилязева"(776625534),is_master=True,text="Криво выводится, знаю))",word="енот-полоскун"
Guessing word,chad_id=-463144630,user="Алена"(979206065),is_master=False,text="Мне нравится",word="енот-полоскун"
Got command /rating,chat_id=-463144630,rating=Динара Гилязева: 2 Алена: 1 
Guessing word,chad_id=-463144630,user="Алена"(979206065),is_master=False,text="Вах",word="енот-полоскун"
Guessing word,chad_id=-463144630,user="Алена"(979206065),is_master=False,text="Даже так можно",word="енот-полоскун"
Guessing word,chad_id=-463144630,user="Динара Гилязева"(776625534),is_master=True,text="Она знает твое имя",word="енот-полоскун"
Guessing word,chad_id=-463144630,user="Вульфрик 🐸"(249310034),is_master=False,text="Учительница",word="енот-полоскун"
Guessing word,chad_id=-463144630,user="Вульфрик 🐸"(249310034),is_master=False,text="Учитель",word="енот-полоскун"
Guessing word,chad_id=-463144630,user="Вульфрик 🐸"(249310034),is_master=False,text="Преподаватель",word="енот-полоскун"
Guessing word,chad_id=-463144630,user="Динара Гилязева"(776625534),is_master=True,text="На самом деле, я как программист могу видеть все слова",word="енот-полоскун"
Guessing word,chad_id=-463144630,user="Динара Гилязева"(776625534),is_master=True,text="Что?",word="енот-полоскун"
Guessing word,chad_id=-463144630,user="Алена"(979206065),is_master=False,text="Ты начала объяснять?",word="енот-полоскун"
Guessing word,chad_id=-463144630,user="Вульфрик 🐸"(249310034),is_master=False,text="Я думал ты уже слово описываешь)0",word="енот-полоскун"
Guessing word,chad_id=-463144630,user="Динара Гилязева"(776625534),is_master=True,text="Ахаххахпх",word="енот-полоскун"
Guessing word,chad_id=-463144630,user="Алена"(979206065),is_master=False,text="Начинай давай",word="енот-полоскун"
Guessing word,chad_id=-463144630,user="Динара Гилязева"(776625534),is_master=True,text="Окей, объясняю",word="енот-полоскун"
Guessing word,chad_id=-463144630,user="Динара Гилязева"(776625534),is_master=True,text="Полосатый зверек",word="енот-полоскун"
Guessing word,chad_id=-463144630,user="Вульфрик 🐸"(249310034),is_master=False,text="Зебра",word="енот-полоскун"
Guessing word,chad_id=-463144630,user="Алена"(979206065),is_master=False,text="Тигр",word="енот-полоскун"
Guessing word,chad_id=-463144630,user="Динара Гилязева"(776625534),is_master=True,text="Жрет из мусорок в Америке",word="енот-полоскун"
Guessing word,chad_id=-463144630,user="Вульфрик 🐸"(249310034),is_master=False,text="Енот",word="енот-полоскун"
Guessing word,chad_id=-463144630,user="Алена"(979206065),is_master=False,text="?!",word="енот-полоскун"
Guessing word,chad_id=-463144630,user="Динара Гилязева"(776625534),is_master=True,text="Теперь второе слово",word="енот-полоскун"
Guessing word,chad_id=-463144630,user="Алена"(979206065),is_master=False,text="?",word="енот-полоскун"
Guessing word,chad_id=-463144630,user="Динара Гилязева"(776625534),is_master=True,text="Он стирает одежду",word="енот-полоскун"
Guessing word,chad_id=-463144630,user="Алена"(979206065),is_master=False,text="По два?",word="енот-полоскун"
Guessing word,chad_id=-463144630,user="Вульфрик 🐸"(249310034),is_master=False,text="Енот полоскун",word="енот-полоскун"
Guessing word,chad_id=-463144630,user="Алена"(979206065),is_master=False,text="Енот полоскун",word="енот-полоскун"
Guessing word,chad_id=-463144630,user="Динара Гилязева"(776625534),is_master=True,text="Через тире",word="енот-полоскун"
chat_id=-463144630, New master is "Алена"(979206065)
Guessing word,chad_id=-463144630,user="Алена"(979206065),is_master=True,text="Енот-полоскун",word="енот-полоскун"
Guessing word,chad_id=-463144630,user="Вульфрик 🐸"(249310034),is_master=False,text="Да блять",word="медуза"
Guessing word,chad_id=-463144630,user="Вульфрик 🐸"(249310034),is_master=False,text="ааааааааааааа",word="медуза"
Guessing word,chad_id=-463144630,user="Динара Гилязева"(776625534),is_master=False,text="Ахахх",word="медуза"
Guessing word,chad_id=-463144630,user="Алена"(979206065),is_master=True,text="И так",word="медуза"
Guessing word,chad_id=-463144630,user="Алена"(979206065),is_master=True,text="Оно в море",word="медуза"
Guessing word,chad_id=-463144630,user="Алена"(979206065),is_master=True,text="Как желе",word="медуза"
chat_id=-463144630, New master is "Вульфрик 🐸"(249310034)
Guessing word,chad_id=-463144630,user="Вульфрик 🐸"(249310034),is_master=True,text="Медуза",word="медуза"
Guessing word,chad_id=-463144630,user="Динара Гилязева"(776625534),is_master=False,text="Медуза",word="электрик"
Guessing word,chad_id=-463144630,user="Вульфрик 🐸"(249310034),is_master=True,text="ХА",word="электрик"
Guessing word,chad_id=-463144630,user="Динара Гилязева"(776625534),is_master=False,text="Черт",word="электрик"
Guessing word,chad_id=-463144630,user="Алена"(979206065),is_master=False,text="А почему у тебя все на морскую тематику?",word="электрик"
Guessing word,chad_id=-463144630,user="Вульфрик 🐸"(249310034),is_master=True,text="Профессия",word="электрик"
Guessing word,chad_id=-463144630,user="Динара Гилязева"(776625534),is_master=False,text="Да хер его знает",word="электрик"
Guessing word,chad_id=-463144630,user="Алена"(979206065),is_master=False,text="Ну, не все, но мне выпадает",word="электрик"
Guessing word,chad_id=-463144630,user="Алена"(979206065),is_master=False,text="А сколько всего там слов?",word="электрик"
Guessing word,chad_id=-463144630,user="Вульфрик 🐸"(249310034),is_master=True,text="Слово 1",word="электрик"
Guessing word,chad_id=-463144630,user="Динара Гилязева"(776625534),is_master=False,text="133 всего",word="электрик"
Guessing word,chad_id=-463144630,user="Динара Гилязева"(776625534),is_master=False,text="Слов",word="электрик"
Guessing word,chad_id=-463144630,user="Алена"(979206065),is_master=False,text="Нормально так",word="электрик"
Guessing word,chad_id=-463144630,user="Динара Гилязева"(776625534),is_master=False,text="Ну мало на самом деле",word="электрик"
Guessing word,chad_id=-463144630,user="Вульфрик 🐸"(249310034),is_master=True,text="Ей",word="электрик"
Guessing word,chad_id=-463144630,user="Динара Гилязева"(776625534),is_master=False,text="АХАХАХ",word="электрик"
Guessing word,chad_id=-463144630,user="Алена"(979206065),is_master=False,text="Можно больше",word="электрик"
Guessing word,chad_id=-463144630,user="Вульфрик 🐸"(249310034),is_master=True,text="ТАААК",word="электрик"
Guessing word,chad_id=-463144630,user="Вульфрик 🐸"(249310034),is_master=True,text="НЕ НАДО ТУТ",word="электрик"
Guessing word,chad_id=-463144630,user="Динара Гилязева"(776625534),is_master=False,text="Да понятно",word="электрик"
Guessing word,chad_id=-463144630,user="Динара Гилязева"(776625534),is_master=False,text="/maaastee",word="электрик"
Guessing word,chad_id=-463144630,user="Алена"(979206065),is_master=False,text="Что происходит?",word="электрик"
Guessing word,chad_id=-463144630,user="Алена"(979206065),is_master=False,text="/maaaster",word="электрик"
Guessing word,chad_id=-463144630,user="Динара Гилязева"(776625534),is_master=False,text="Ахахх",word="электрик"
Guessing word,chad_id=-463144630,user="Алена"(979206065),is_master=False,text="Эт что",word="электрик"
Got command /master,chat_id=-463144630,user="Динара Гилязева"(776625534),timedelta=-29
chat_id=-463144630, New master is "Динара Гилязева"(776625534)
Guessing word,chad_id=-463144630,user="Вульфрик 🐸"(249310034),is_master=False,text="сук",word="ленивец"
Guessing word,chad_id=-463144630,user="Динара Гилязева"(776625534),is_master=True,text=")) 0)",word="ленивец"
Guessing word,chad_id=-463144630,user="Вульфрик 🐸"(249310034),is_master=False,text="Я тут блин",word="ленивец"
Guessing word,chad_id=-463144630,user="Динара Гилязева"(776625534),is_master=True,text="Ален, короче",word="ленивец"
Guessing word,chad_id=-463144630,user="Алена"(979206065),is_master=False,text="🤣🤣🤣",word="ленивец"
Guessing word,chad_id=-463144630,user="Вульфрик 🐸"(249310034),is_master=False,text="Пытаюсь интересно слово",word="ленивец"
Guessing word,chad_id=-463144630,user="Вульфрик 🐸"(249310034),is_master=False,text="А ты",word="ленивец"
Guessing word,chad_id=-463144630,user="Динара Гилязева"(776625534),is_master=True,text="Если за минуту не угадываешь",word="ленивец"
Guessing word,chad_id=-463144630,user="Вульфрик 🐸"(249310034),is_master=False,text="А ТЫ ВОТ ТАК",word="ленивец"
Guessing word,chad_id=-463144630,user="Динара Гилязева"(776625534),is_master=True,text="То можно стать ведущим",word="ленивец"
Guessing word,chad_id=-463144630,user="Алена"(979206065),is_master=False,text="Прикооольно",word="ленивец"
Guessing word,chad_id=-463144630,user="Алена"(979206065),is_master=False,text="Воспользуюсь",word="ленивец"
Guessing word,chad_id=-463144630,user="Алена"(979206065),is_master=False,text="А как?",word="ленивец"
Guessing word,chad_id=-463144630,user="Динара Гилязева"(776625534),is_master=True,text="Эй",word="ленивец"
Guessing word,chad_id=-463144630,user="Вульфрик 🐸"(249310034),is_master=False,text="Что?)",word="ленивец"
Got command /master,chat_id=-463144630,user="Вульфрик 🐸"(249310034),timedelta=0
chat_id=-463144630, New master is "Вульфрик 🐸"(249310034)
Guessing word,chad_id=-463144630,user="Алена"(979206065),is_master=False,text="Каждый раз прописывать?",word="парадигма"
Guessing word,chad_id=-463144630,user="Алена"(979206065),is_master=False,text="Дай мальчику поиграть)",word="парадигма"
Guessing word,chad_id=-463144630,user="Динара Гилязева"(776625534),is_master=False,text="Можно на него тыкнуть",word="парадигма"
Guessing word,chad_id=-463144630,user="Динара Гилязева"(776625534),is_master=False,text="Хорошо, хорошо",word="парадигма"
Guessing word,chad_id=-463144630,user="Алена"(979206065),is_master=False,text="Не, каждый раз искать",word="парадигма"
Guessing word,chad_id=-463144630,user="Алена"(979206065),is_master=False,text="Оставлю вам эту битву",word="парадигма"
Guessing word,chad_id=-463144630,user="Динара Гилязева"(776625534),is_master=False,text="Наверное все",word="парадигма"
Guessing word,chad_id=-463144630,user="Вульфрик 🐸"(249310034),is_master=True,text="Слово интересное",word="парадигма"
Guessing word,chad_id=-463144630,user="Динара Гилязева"(776625534),is_master=False,text="Главный баг исправлен",word="парадигма"
Guessing word,chad_id=-463144630,user="Динара Гилязева"(776625534),is_master=False,text="Давай",word="парадигма"
Guessing word,chad_id=-463144630,user="Алена"(979206065),is_master=False,text="Давай ещё поиграем",word="парадигма"
Guessing word,chad_id=-463144630,user="Алена"(979206065),is_master=False,text="Прикольно",word="парадигма"
Guessing word,chad_id=-463144630,user="Вульфрик 🐸"(249310034),is_master=True,text="Объяснить той ещё задачкой будет",word="парадигма"
Guessing word,chad_id=-463144630,user="Динара Гилязева"(776625534),is_master=False,text="Хехехех)",word="парадигма"
Guessing word,chad_id=-463144630,user="Алена"(979206065),is_master=False,text="Быстрее",word="парадигма"
Guessing word,chad_id=-463144630,user="Алена"(979206065),is_master=False,text="Нуууу?",word="парадигма"
Guessing word,chad_id=-463144630,user="Вульфрик 🐸"(249310034),is_master=True,text="Это что-то вроде набора концепций или шаблонных мнений",word="парадигма"
Guessing word,chad_id=-463144630,user="Алена"(979206065),is_master=False,text="?!",word="парадигма"
Guessing word,chad_id=-463144630,user="Вульфрик 🐸"(249310034),is_master=True,text="Относится к философии",word="парадигма"
Guessing word,chad_id=-463144630,user="Алена"(979206065),is_master=False,text="Клише",word="парадигма"
Guessing word,chad_id=-463144630,user="Алена"(979206065),is_master=False,text="А по проще?",word="парадигма"
Guessing word,chad_id=-463144630,user="Алена"(979206065),is_master=False,text="Стереотип",word="парадигма"
Guessing word,chad_id=-463144630,user="Динара Гилязева"(776625534),is_master=False,text="Давай еще объсняй",word="парадигма"
Guessing word,chad_id=-463144630,user="Алена"(979206065),is_master=False,text="Нуууу",word="парадигма"
Guessing word,chad_id=-463144630,user="Вульфрик 🐸"(249310034),is_master=True,text="Оно относится также к риторике, лингвистике",word="парадигма"
Guessing word,chad_id=-463144630,user="Алена"(979206065),is_master=False,text="Мать твою",word="парадигма"
Guessing word,chad_id=-463144630,user="Алена"(979206065),is_master=False,text="ПРОЩЕ",word="парадигма"
Guessing word,chad_id=-463144630,user="Вульфрик 🐸"(249310034),is_master=True,text="Да никак блять",word="парадигма"
Guessing word,chad_id=-463144630,user="Алена"(979206065),is_master=False,text="Динаааар, что там за слова такие",word="парадигма"
Guessing word,chad_id=-463144630,user="Вульфрик 🐸"(249310034),is_master=True,text="Это концептуальная модель, сформированная в научной области",word="парадигма"
Guessing word,chad_id=-463144630,user="Вульфрик 🐸"(249310034),is_master=True,text="Я могу только так сказать",word="парадигма"
Guessing word,chad_id=-463144630,user="Динара Гилязева"(776625534),is_master=False,text="Стигма",word="парадигма"
Guessing word,chad_id=-463144630,user="Алена"(979206065),is_master=False,text="🤦‍♀️",word="парадигма"
Guessing word,chad_id=-463144630,user="Динара Гилязева"(776625534),is_master=False,text="Базис",word="парадигма"
Guessing word,chad_id=-463144630,user="Вульфрик 🐸"(249310034),is_master=True,text="Динара приближается к истине",word="парадигма"
Guessing word,chad_id=-463144630,user="Динара Гилязева"(776625534),is_master=False,text="Основа",word="парадигма"
Guessing word,chad_id=-463144630,user="Алена"(979206065),is_master=False,text="Я таких слов не знаю",word="парадигма"
Guessing word,chad_id=-463144630,user="Алена"(979206065),is_master=False,text="Ну всс",word="парадигма"
Guessing word,chad_id=-463144630,user="Вульфрик 🐸"(249310034),is_master=True,text="Более умное слово",word="парадигма"
Guessing word,chad_id=-463144630,user="Вульфрик 🐸"(249310034),is_master=True,text="Окей",word="парадигма"
Guessing word,chad_id=-463144630,user="Вульфрик 🐸"(249310034),is_master=True,text="На п",word="парадигма"
Guessing word,chad_id=-463144630,user="Динара Гилязева"(776625534),is_master=False,text="Концепт",word="парадигма"
Guessing word,chad_id=-463144630,user="Алена"(979206065),is_master=False,text="Параплан",word="парадигма"
Guessing word,chad_id=-463144630,user="Динара Гилязева"(776625534),is_master=False,text="...",word="парадигма"
Guessing word,chad_id=-463144630,user="Динара Гилязева"(776625534),is_master=False,text="План",word="парадигма"
Guessing word,chad_id=-463144630,user="Алена"(979206065),is_master=False,text="🤣🤣🤣",word="парадигма"
Guessing word,chad_id=-463144630,user="Динара Гилязева"(776625534),is_master=False,text="Порт",word="парадигма"
Guessing word,chad_id=-463144630,user="Вульфрик 🐸"(249310034),is_master=True,text="Сдаётесь?",word="парадигма"
Guessing word,chad_id=-463144630,user="Динара Гилязева"(776625534),is_master=False,text="Прототип",word="парадигма"
Guessing word,chad_id=-463144630,user="Алена"(979206065),is_master=False,text="Воу",word="парадигма"
Guessing word,chad_id=-463144630,user="Алена"(979206065),is_master=False,text="Хорошая мысль",word="парадигма"
Guessing word,chad_id=-463144630,user="Алена"(979206065),is_master=False,text="А оно так пишется?",word="парадигма"
Guessing word,chad_id=-463144630,user="Вульфрик 🐸"(249310034),is_master=True,text="Ахахахахахахах",word="парадигма"
Guessing word,chad_id=-463144630,user="Динара Гилязева"(776625534),is_master=False,text="Вроде бы так",word="парадигма"
Guessing word,chad_id=-463144630,user="Алена"(979206065),is_master=False,text="Ага",word="парадигма"
Guessing word,chad_id=-463144630,user="Алена"(979206065),is_master=False,text="Ну удиви",word="парадигма"
Guessing word,chad_id=-463144630,user="Динара Гилязева"(776625534),is_master=False,text="А еще объяснений нет?",word="парадигма"
Guessing word,chad_id=-463144630,user="Алена"(979206065),is_master=False,text="Правило",word="парадигма"
Guessing word,chad_id=-463144630,user="Динара Гилязева"(776625534),is_master=False,text="Положение",word="парадигма"
Guessing word,chad_id=-463144630,user="Вульфрик 🐸"(249310034),is_master=True,text="Щас мои знания закончатся",word="парадигма"
Guessing word,chad_id=-463144630,user="Вульфрик 🐸"(249310034),is_master=True,text="Щааа",word="парадигма"
Guessing word,chad_id=-463144630,user="Алена"(979206065),is_master=False,text="Посмешище",word="парадигма"
Guessing word,chad_id=-463144630,user="Динара Гилязева"(776625534),is_master=False,text="Ахаххаахахахаххахаах",word="парадигма"
Guessing word,chad_id=-463144630,user="Алена"(979206065),is_master=False,text="Переносица",word="парадигма"
Guessing word,chad_id=-463144630,user="Алена"(979206065),is_master=False,text="Пепел",word="парадигма"
Guessing word,chad_id=-463144630,user="Алена"(979206065),is_master=False,text="Почка",word="парадигма"
Guessing word,chad_id=-463144630,user="Динара Гилязева"(776625534),is_master=False,text="Палема",word="парадигма"
Guessing word,chad_id=-463144630,user="Алена"(979206065),is_master=False,text="Прах",word="парадигма"
Guessing word,chad_id=-463144630,user="Алена"(979206065),is_master=False,text="Пест",word="парадигма"
Guessing word,chad_id=-463144630,user="Динара Гилязева"(776625534),is_master=False,text="Полемика",word="парадигма"
Guessing word,chad_id=-463144630,user="Алена"(979206065),is_master=False,text="Пласт",word="парадигма"
Guessing word,chad_id=-463144630,user="Алена"(979206065),is_master=False,text="Протеин",word="парадигма"
Guessing word,chad_id=-463144630,user="Динара Гилязева"(776625534),is_master=False,text="Полема",word="парадигма"
Guessing word,chad_id=-463144630,user="Вульфрик 🐸"(249310034),is_master=True,text="Нет, не полема",word="парадигма"
Guessing word,chad_id=-463144630,user="Динара Гилязева"(776625534),is_master=False,text="Окееей",word="парадигма"
Guessing word,chad_id=-463144630,user="Алена"(979206065),is_master=False,text="Перемена",word="парадигма"
Guessing word,chad_id=-463144630,user="Динара Гилязева"(776625534),is_master=False,text="Постулат",word="парадигма"
Guessing word,chad_id=-463144630,user="Алена"(979206065),is_master=False,text="Пемза",word="парадигма"
Guessing word,chad_id=-463144630,user="Алена"(979206065),is_master=False,text="Пельмень",word="парадигма"
Guessing word,chad_id=-463144630,user="Алена"(979206065),is_master=False,text="Мне надоело",word="парадигма"
Guessing word,chad_id=-463144630,user="Алена"(979206065),is_master=False,text="Говори слово",word="парадигма"
Guessing word,chad_id=-463144630,user="Вульфрик 🐸"(249310034),is_master=True,text="Парадигма",word="парадигма"
Guessing word,chad_id=-463144630,user="Вульфрик 🐸"(249310034),is_master=True,text="👌",word="парадигма"
Guessing word,chad_id=-463144630,user="Алена"(979206065),is_master=False,text="Мать твою",word="парадигма"
chat_id=-463144630, New master is "Динара Гилязева"(776625534)
Guessing word,chad_id=-463144630,user="Динара Гилязева"(776625534),is_master=True,text="Парадигма",word="парадигма"
Guessing word,chad_id=-463144630,user="Алена"(979206065),is_master=False,text="А что это?",word="кладоискательство"
Guessing word,chad_id=-463144630,user="Вульфрик 🐸"(249310034),is_master=False,text="Понятие есть такое",word="кладоискательство"
Guessing word,chad_id=-463144630,user="Алена"(979206065),is_master=False,text="Логично",word="кладоискательство"
Guessing word,chad_id=-463144630,user="Динара Гилязева"(776625534),is_master=True,text="А это скорее не спорный вопрос?",word="кладоискательство"
Guessing word,chad_id=-463144630,user="Алена"(979206065),is_master=False,text="Ооооо, философы нашлись",word="кладоискательство"
Guessing word,chad_id=-463144630,user="Алена"(979206065),is_master=False,text="Гугл в помощь",word="кладоискательство"
Guessing word,chad_id=-463144630,user="Алена"(979206065),is_master=False,text="А вообще не пиши те слова, которые не знаешь как отгадать",word="кладоискательство"
Guessing word,chad_id=-463144630,user="Динара Гилязева"(776625534),is_master=True,text="Да. Слово сложное какое-то",word="кладоискательство"
Guessing word,chad_id=-463144630,user="Динара Гилязева"(776625534),is_master=True,text="Можно же сменить",word="кладоискательство"
Guessing word,chad_id=-463144630,user="Алена"(979206065),is_master=False,text="Поставь другое",word="кладоискательство"
Guessing word,chad_id=-463144630,user="Алена"(979206065),is_master=False,text="На п обязательно?",word="кладоискательство"
Guessing word,chad_id=-463144630,user="Динара Гилязева"(776625534),is_master=True,text="Вот у меня прикольное слово",word="кладоискательство"
Guessing word,chad_id=-463144630,user="Алена"(979206065),is_master=False,text="Удиви😏",word="кладоискательство"
Guessing word,chad_id=-463144630,user="Динара Гилязева"(776625534),is_master=True,text="Процесс в котором находят сокровища",word="кладоискательство"
Guessing word,chad_id=-463144630,user="Вульфрик 🐸"(249310034),is_master=False,text="Раскопки",word="кладоискательство"
Guessing word,chad_id=-463144630,user="Алена"(979206065),is_master=False,text="Кладоискание",word="кладоискательство"
Guessing word,chad_id=-463144630,user="Динара Гилязева"(776625534),is_master=True,text="Воо",word="кладоискательство"
Guessing word,chad_id=-463144630,user="Динара Гилязева"(776625534),is_master=True,text="Алена правильно",word="кладоискательство"
Guessing word,chad_id=-463144630,user="Вульфрик 🐸"(249310034),is_master=False,text="Клад",word="кладоискательство"
Guessing word,chad_id=-463144630,user="Алена"(979206065),is_master=False,text="Кладокопание",word="кладоискательство"
Guessing word,chad_id=-463144630,user="Динара Гилязева"(776625534),is_master=True,text="Только конец измени",word="кладоискательство"
Guessing word,chad_id=-463144630,user="Алена"(979206065),is_master=False,text="Кладоиск",word="кладоискательство"
Guessing word,chad_id=-463144630,user="Алена"(979206065),is_master=False,text="Кладоискатель",word="кладоискательство"
Guessing word,chad_id=-463144630,user="Динара Гилязева"(776625534),is_master=True,text="Вот это, тольлько не -ание",word="кладоискательство"
Guessing word,chad_id=-463144630,user="Алена"(979206065),is_master=False,text="Кладопоиск",word="кладоискательство"
Guessing word,chad_id=-463144630,user="Алена"(979206065),is_master=False,text="Кладоищение",word="кладоискательство"
Guessing word,chad_id=-463144630,user="Алена"(979206065),is_master=False,text="Кладопоиск",word="кладоискательство"
Guessing word,chad_id=-463144630,user="Вульфрик 🐸"(249310034),is_master=False,text="Кладокопание",word="кладоискательство"
Guessing word,chad_id=-463144630,user="Алена"(979206065),is_master=False,text="Боже",word="кладоискательство"
Guessing word,chad_id=-463144630,user="Алена"(979206065),is_master=False,text="Кладорытье",word="кладоискательство"
Guessing word,chad_id=-463144630,user="Алена"(979206065),is_master=False,text="🤣",word="кладоискательство"
Guessing word,chad_id=-463144630,user="Динара Гилязева"(776625534),is_master=True,text="Алена, правильно было",word="кладоискательство"
Guessing word,chad_id=-463144630,user="Вульфрик 🐸"(249310034),is_master=False,text="Кладопоиск",word="кладоискательство"
Guessing word,chad_id=-463144630,user="Алена"(979206065),is_master=False,text="Кладоискание?",word="кладоискательство"
Guessing word,chad_id=-463144630,user="Алена"(979206065),is_master=False,text="Кладоискание",word="кладоискательство"
Guessing word,chad_id=-463144630,user="Вульфрик 🐸"(249310034),is_master=False,text="Кладоискатель",word="кладоискательство"
Guessing word,chad_id=-463144630,user="Динара Гилязева"(776625534),is_master=True,text="Изменяй еще",word="кладоискательство"
chat_id=-463144630, New master is "Вульфрик 🐸"(249310034)
Guessing word,chad_id=-463144630,user="Вульфрик 🐸"(249310034),is_master=True,text="Кладоискательство",word="кладоискательство"
Guessing word,chad_id=-463144630,user="Алена"(979206065),is_master=False,text="Кладопоиск",word="пеликан"
Guessing word,chad_id=-463144630,user="Алена"(979206065),is_master=False,text="Вах",word="пеликан"
Guessing word,chad_id=-463144630,user="Алена"(979206065),is_master=False,text="Прмкольно",word="пеликан"
Guessing word,chad_id=-463144630,user="Вульфрик 🐸"(249310034),is_master=True,text="Ой",word="пеликан"
Guessing word,chad_id=-463144630,user="Алена"(979206065),is_master=False,text="Какой счёт?",word="пеликан"
Guessing word,chad_id=-463144630,user="Вульфрик 🐸"(249310034),is_master=True,text="Прикольная птица, способная сразу прогладить рыбу приличных размеров",word="пеликан"
Guessing word,chad_id=-463144630,user="Алена"(979206065),is_master=False,text="Динааар",word="пеликан"
Got command /rating,chat_id=-463144630,rating=Динара Гилязева: 3 Алена: 2 Вульфрик 🐸: 2 
chat_id=-463144630, New master is "Алена"(979206065)
Guessing word,chad_id=-463144630,user="Алена"(979206065),is_master=True,text="Пеликан",word="пеликан"
Guessing word,chad_id=-463144630,user="Алена"(979206065),is_master=True,text="Борт работница самолета",word="стюардесса"
Guessing word,chad_id=-463144630,user="Динара Гилязева"(776625534),is_master=False,text="Проводница",word="стюардесса"
Guessing word,chad_id=-463144630,user="Алена"(979206065),is_master=True,text="Бортпроводница",word="стюардесса"
chat_id=-463144630, New master is "Вульфрик 🐸"(249310034)
Guessing word,chad_id=-463144630,user="Вульфрик 🐸"(249310034),is_master=True,text="Стюардесса",word="стюардесса"
Guessing word,chad_id=-463144630,user="Алена"(979206065),is_master=False,text="Маладец",word="психиатр"
Guessing word,chad_id=-463144630,user="Динара Гилязева"(776625534),is_master=False,text="Оке. Наверное, я его остановлю уже",word="психиатр"
Guessing word,chad_id=-463144630,user="Вульфрик 🐸"(249310034),is_master=True,text="Врач, к которому стоит обратиться если с головой что-то не так",word="психиатр"
Guessing word,chad_id=-463144630,user="Алена"(979206065),is_master=False,text="Динар, не очень понятен счет",word="психиатр"
Guessing word,chad_id=-463144630,user="Алена"(979206065),is_master=False,text="Сделай так, чтобы в столбик было",word="психиатр"
Guessing word,chad_id=-463144630,user="Алена"(979206065),is_master=False,text="А то сливается",word="психиатр"
Guessing word,chad_id=-463144630,user="Динара Гилязева"(776625534),is_master=False,text="С радостью",word="психиатр"
Guessing word,chad_id=-463144630,user="Динара Гилязева"(776625534),is_master=False,text="Но не могу)) 0)",word="психиатр"
chat_id=-463144630, New master is "Алена"(979206065)
Guessing word,chad_id=-463144630,user="Алена"(979206065),is_master=True,text="Психиатр",word="психиатр"
Guessing word,chad_id=-463144630,user="Динара Гилязева"(776625534),is_master=False,text="Не получилось короче",word="хамелеон"
Guessing word,chad_id=-463144630,user="Алена"(979206065),is_master=True,text="Жаль",word="хамелеон"
Guessing word,chad_id=-463144630,user="Динара Гилязева"(776625534),is_master=False,text="Странно на самом деле",word="хамелеон"
Guessing word,chad_id=-463144630,user="Алена"(979206065),is_master=True,text="Ящерица, которая меняет цвет",word="хамелеон"
chat_id=-463144630, New master is "Динара Гилязева"(776625534)
Guessing word,chad_id=-463144630,user="Динара Гилязева"(776625534),is_master=True,text="Хамелеон",word="хамелеон"
Guessing word,chad_id=-463144630,user="Динара Гилязева"(776625534),is_master=True,text="Все, стопаю",word="опера"
Guessing word,chad_id=-463144630,user="Алена"(979206065),is_master=False,text="Прикольно короче",word="опера"
Guessing word,chad_id=-463144630,user="Динара Гилязева"(776625534),is_master=True,text="Благодарю за помощь",word="опера"
Guessing word,chad_id=-463144630,user="Вульфрик 🐸"(249310034),is_master=False,text="Не за что)",word="опера"
Guessing word,chad_id=-463144630,user="Алена"(979206065),is_master=False,text="Но слов наверное маловато",word="опера"
Guessing word,chad_id=-463144630,user="Динара Гилязева"(776625534),is_master=True,text="Они не будут повторяться",word="опера"
Guessing word,chad_id=-463144630,user="Динара Гилязева"(776625534),is_master=True,text="Да пофиг, главное что работает",word="опера"
Guessing word,chad_id=-463144630,user="Алена"(979206065),is_master=False,text="Аа, тогда ок",word="опера"
